<?xml version="1.0" encoding="UTF-8"?>
<testng-results ignored="0" total="1" passed="1" failed="0" skipped="0">
  <reporter-output>
  </reporter-output>
  <suite started-at="2024-03-18T11:58:28 PDT" name="Default suite" finished-at="2024-03-18T11:58:35 PDT" duration-ms="6710">
    <groups>
    </groups>
    <test started-at="2024-03-18T11:58:28 PDT" name="Default test" finished-at="2024-03-18T11:58:35 PDT" duration-ms="6710">
      <class name="newwww.Newww1">
        <test-method signature="mainn()[pri:0, instance:newwww.Newww1@43301423]" started-at="2024-03-18T11:58:28 PDT" name="mainn" finished-at="2024-03-18T11:58:35 PDT" duration-ms="6583" status="PASS">
          <reporter-output>
          </reporter-output>
        </test-method> <!-- mainn -->
      </class> <!-- newwww.Newww1 -->
    </test> <!-- Default test -->
  </suite> <!-- Default suite -->
</testng-results>
